<?xml version="1.0" encoding="UTF-8"?>
<testsuite name="com.moodanalyser.MoodAnalyserTest" tests="4" skipped="0" failures="0" errors="0" timestamp="2019-11-25T10:40:12" hostname="admin165-desktop" time="0.004">
  <properties/>
  <testcase name="givenNull_ShouldReturnHappy" classname="com.moodanalyser.MoodAnalyserTest" time="0.002"/>
  <testcase name="givenMesage_WhenSad_ShouldReturnSad" classname="com.moodanalyser.MoodAnalyserTest" time="0.0"/>
  <testcase name="givenMoodAnalyserClass_WhenProper_ShouldReturnObject" classname="com.moodanalyser.MoodAnalyserTest" time="0.0"/>
  <testcase name="givenMesage_WhenHappy_ShouldReturnSad" classname="com.moodanalyser.MoodAnalyserTest" time="0.0"/>
  <system-out><![CDATA[]]></system-out>
  <system-err><![CDATA[]]></system-err>
</testsuite>
