<?xml version="1.0" encoding="UTF-8"?>
<testsuite name="com.bridgelab.userregistrationregex.UserRegistrationRegexTest" tests="5" skipped="0" failures="0" errors="0" timestamp="2019-11-25T11:21:40" hostname="admin165-desktop" time="0.002">
  <properties/>
  <testcase name="givenFirstName_WhenProper_ShouldReturnTrue[0]" classname="com.bridgelab.userregistrationregex.UserRegistrationRegexTest" time="0.0"/>
  <testcase name="givenFirstName_WhenProper_ShouldReturnTrue[1]" classname="com.bridgelab.userregistrationregex.UserRegistrationRegexTest" time="0.0"/>
  <testcase name="givenFirstName_WhenProper_ShouldReturnTrue[2]" classname="com.bridgelab.userregistrationregex.UserRegistrationRegexTest" time="0.0"/>
  <testcase name="givenFirstName_WhenProper_ShouldReturnTrue[3]" classname="com.bridgelab.userregistrationregex.UserRegistrationRegexTest" time="0.001"/>
  <testcase name="givenFirstName_WhenProper_ShouldReturnTrue[4]" classname="com.bridgelab.userregistrationregex.UserRegistrationRegexTest" time="0.0"/>
  <system-out><![CDATA[]]></system-out>
  <system-err><![CDATA[]]></system-err>
</testsuite>
